<?xml version="1.0" encoding="UTF-8"?>
<testsuite name="com.watchrunning.app.calculation.PaceEstimatorTest" tests="6" skipped="0" failures="0" errors="0" timestamp="2026-09-12T16:11:26.352Z" hostname="DESKTOP-4J5DF41" time="0.04">
  <properties/>
  <testcase name="duplicateAndOutOfOrderPointsAreRejected" classname="com.watchrunning.app.calculation.PaceEstimatorTest" time="0.035"/>
  <testcase name="impossibleJumpIsRejected" classname="com.watchrunning.app.calculation.PaceEstimatorTest" time="0.001"/>
  <testcase name="gpsLossBecomesStaleThenUnavailable" classname="com.watchrunning.app.calculation.PaceEstimatorTest" time="0.001"/>
  <testcase name="acceptsTwentyFiveMetreAccuracyAndRejectsAnythingWorse" classname="com.watchrunning.app.calculation.PaceEstimatorTest" time="0.0"/>
  <testcase name="constantSpeedTrackProducesExpectedPace" classname="com.watchrunning.app.calculation.PaceEstimatorTest" time="0.002"/>
  <testcase name="stationaryJitterIsUnavailable" classname="com.watchrunning.app.calculation.PaceEstimatorTest" time="0.0"/>
  <system-out><![CDATA[]]></system-out>
  <system-err><![CDATA[]]></system-err>
</testsuite>
