<?xml version="1.0" encoding="UTF-8"?>
<testsuite name="com.watchrunning.app.calculation.LocationSourceSelectorTest" tests="6" skipped="0" failures="0" errors="0" timestamp="2026-07-31T04:56:36.218Z" hostname="DESKTOP-4J5DF41" time="0.001">
  <properties/>
  <testcase name="betterSourceRequiresTwoConsecutiveFixes" classname="com.watchrunning.app.calculation.LocationSourceSelectorTest" time="0.001"/>
  <testcase name="firstAccurateSourceIsSelected" classname="com.watchrunning.app.calculation.LocationSourceSelectorTest" time="0.0"/>
  <testcase name="smallAccuracyDifferenceDoesNotCauseSwitching" classname="com.watchrunning.app.calculation.LocationSourceSelectorTest" time="0.0"/>
  <testcase name="rejectedCurrentSourceFixDoesNotRefreshItsFreshness" classname="com.watchrunning.app.calculation.LocationSourceSelectorTest" time="0.0"/>
  <testcase name="freshCandidateImmediatelyReplacesStaleSource" classname="com.watchrunning.app.calculation.LocationSourceSelectorTest" time="0.0"/>
  <testcase name="rejectedSwitchRestoresPreviousSource" classname="com.watchrunning.app.calculation.LocationSourceSelectorTest" time="0.0"/>
  <system-out><![CDATA[]]></system-out>
  <system-err><![CDATA[]]></system-err>
</testsuite>
