<?xml version="1.0" encoding="UTF-8"?>
<testsuite name="com.watchrunning.app.calculation.ActiveDurationTrackerTest" tests="2" skipped="0" failures="0" errors="0" timestamp="2026-09-12T16:11:26.322Z" hostname="DESKTOP-4J5DF41" time="0.015">
  <properties/>
  <testcase name="activeTimeAdvancesFromMonotonicCheckpoint" classname="com.watchrunning.app.calculation.ActiveDurationTrackerTest" time="0.006"/>
  <testcase name="pausedTimeRemainsAtCheckpoint" classname="com.watchrunning.app.calculation.ActiveDurationTrackerTest" time="0.004"/>
  <system-out><![CDATA[]]></system-out>
  <system-err><![CDATA[]]></system-err>
</testsuite>
